\BOOKMARK [0][-]{section*.2}{\376\377\000L\000a\000b\000\040\000R\000a\000p\000p\000o\000r\000t\000\040\000-\000\040\000M\000a\000s\000s\000e}{}% 2
\BOOKMARK [1][-]{section*.1}{\376\377\000S\000a\000m\000m\000e\000n\000d\000r\000a\000g}{section*.2}% 1
\BOOKMARK [1][-]{section*.3}{\376\377\000I\000n\000t\000r\000o\000d\000u\000k\000s\000j\000o\000n}{section*.2}% 3
\BOOKMARK [1][-]{section*.4}{\376\377\000T\000e\000o\000r\000i}{section*.2}% 4
\BOOKMARK [2][-]{section*.5}{\376\377\000N\000u\000m\000e\000r\000i\000s\000k\000\040\000L\000i\000n\000e\000\346\000r\000\040\000R\000e\000g\000r\000e\000s\000j\000o\000n}{section*.4}% 5
\BOOKMARK [2][-]{section*.6}{\376\377\000U\000s\000i\000k\000k\000e\000r\000h\000e\000t}{section*.4}% 6
\BOOKMARK [2][-]{section*.7}{\376\377\000S\000t\000a\000n\000d\000a\000r\000d\000a\000v\000v\000i\000k\000\040\000t\000i\000l\000\040\000m\000i\000d\000l\000e\000r\000e\000\040\000v\000e\000r\000d\000i}{section*.4}% 7
\BOOKMARK [2][-]{section*.8}{\376\377\000M\000\345\000l\000e\000u\000r}{section*.4}% 8
\BOOKMARK [2][-]{section*.9}{\376\377\000D\000y\000n\000a\000m\000i\000s\000k\000\040\000O\000m\000r\000\345\000d\000e}{section*.4}% 9
\BOOKMARK [1][-]{section*.10}{\376\377\000M\000e\000t\000o\000d\000e}{section*.2}% 10
\BOOKMARK [2][-]{section*.11}{\376\377\000B\000l\000a\000d\000f\000j\000\346\000r\000\040\000o\000g\000\040\000M\000\345\000l\000e\000u\000r}{section*.10}% 11
\BOOKMARK [3][-]{section*.12}{\376\377\000O\000p\000p\000s\000e\000t\000t}{section*.11}% 12
\BOOKMARK [3][-]{section*.15}{\376\377\000M\000\345\000l\000i\000n\000g}{section*.11}% 13
\BOOKMARK [3][-]{section*.16}{\376\377\000B\000e\000r\000e\000g\000n\000i\000n\000g\000e\000r}{section*.11}% 14
\BOOKMARK [2][-]{section*.17}{\376\377\000H\000a\000r\000m\000o\000n\000i\000s\000k\000\040\000O\000s\000c\000i\000l\000l\000a\000t\000o\000r}{section*.10}% 15
\BOOKMARK [3][-]{section*.18}{\376\377\000O\000p\000p\000s\000e\000t\000t}{section*.17}% 16
\BOOKMARK [3][-]{section*.21}{\376\377\000M\000\345\000l\000i\000n\000g}{section*.17}% 17
\BOOKMARK [3][-]{section*.22}{\376\377\000B\000e\000r\000e\000g\000n\000i\000n\000g\000e\000r}{section*.17}% 18
\BOOKMARK [2][-]{section*.23}{\376\377\000B\000l\000a\000d\000f\000j\000\346\000r\000\040\000o\000g\000\040\000L\000a\000s\000e\000r}{section*.10}% 19
\BOOKMARK [3][-]{section*.24}{\376\377\000O\000p\000p\000s\000e\000t\000t}{section*.23}% 20
\BOOKMARK [3][-]{section*.27}{\376\377\000M\000\345\000l\000i\000n\000g}{section*.23}% 21
\BOOKMARK [3][-]{section*.28}{\376\377\000B\000e\000r\000e\000g\000n\000i\000n\000g\000e\000r}{section*.23}% 22
\BOOKMARK [1][-]{section*.29}{\376\377\000R\000e\000s\000u\000l\000t\000a\000t\000e\000r}{section*.2}% 23
\BOOKMARK [2][-]{section*.30}{\376\377\000T\000a\000b\000e\000l\000l\000e\000r}{section*.29}% 24
\BOOKMARK [2][-]{section*.34}{\376\377\000B\000l\000a\000d\000f\000j\000\346\000r\000\040\000o\000g\000\040\000M\000\345\000l\000e\000u\000r}{section*.29}% 25
\BOOKMARK [2][-]{section*.36}{\376\377\000H\000a\000r\000m\000o\000n\000i\000s\000k\000\040\000O\000s\000c\000i\000l\000l\000a\000t\000o\000r}{section*.29}% 26
\BOOKMARK [2][-]{section*.37}{\376\377\000B\000l\000a\000d\000f\000j\000\346\000r\000\040\000o\000g\000\040\000L\000a\000s\000e\000r}{section*.29}% 27
\BOOKMARK [1][-]{section*.39}{\376\377\000D\000i\000s\000k\000u\000s\000j\000o\000n}{section*.2}% 28
\BOOKMARK [2][-]{section*.40}{\376\377\000B\000l\000a\000d\000f\000j\000\346\000r\000\040\000o\000g\000\040\000M\000\345\000l\000e\000u\000r}{section*.39}% 29
\BOOKMARK [2][-]{section*.41}{\376\377\000H\000a\000r\000m\000o\000n\000i\000s\000k\000\040\000O\000s\000c\000i\000l\000l\000a\000t\000o\000r}{section*.39}% 30
\BOOKMARK [2][-]{section*.42}{\376\377\000B\000l\000a\000d\000f\000j\000\346\000r\000\040\000o\000g\000\040\000L\000a\000s\000e\000r}{section*.39}% 31
\BOOKMARK [1][-]{section*.43}{\376\377\000K\000o\000n\000k\000l\000u\000s\000j\000o\000n}{section*.2}% 32
\BOOKMARK [1][-]{section*.44}{\376\377\000A\000p\000p\000e\000n\000d\000i\000x}{section*.2}% 33
\BOOKMARK [2][-]{section*.45}{\376\377\000D\000a\000t\000a\000b\000l\000a\000d\000e\000r}{section*.44}% 34
\BOOKMARK [2][-]{section*.49}{\376\377\000N\000u\000m\000e\000r\000i\000s\000k\000e\000\040\000B\000e\000r\000e\000g\000n\000i\000n\000g\000e\000r}{section*.44}% 35
