\BOOKMARK [0][-]{section*.2}{\376\377\000L\000a\000b\000\040\000R\000a\000p\000p\000o\000r\000t\000:\000\040\000B\000\370\000l\000g\000e\000o\000p\000t\000i\000k\000k}{}% 2
\BOOKMARK [1][-]{section*.1}{\376\377\000S\000a\000m\000m\000e\000n\000d\000r\000a\000g}{section*.2}% 1
\BOOKMARK [1][-]{section*.3}{\376\377\000I\000n\000t\000r\000o\000d\000u\000k\000s\000j\000o\000n}{section*.2}% 3
\BOOKMARK [1][-]{section*.4}{\376\377\000T\000e\000o\000r\000i}{section*.2}% 4
\BOOKMARK [2][-]{section*.5}{\376\377\000I\000n\000t\000e\000r\000f\000e\000r\000e\000n\000s\000\040\000o\000g\000\040\000d\000i\000f\000f\000r\000a\000k\000s\000j\000o\000n\000\040\000v\000e\000d\000\040\000p\000a\000s\000s\000e\000r\000i\000n\000g\000\040\000a\000v\000\040\000s\000p\000a\000l\000t\000e\000r}{section*.4}% 5
\BOOKMARK [3][-]{section*.6}{\376\377\000\311\000n\000\040\000s\000p\000a\000l\000t\000e}{section*.5}% 6
\BOOKMARK [3][-]{section*.7}{\376\377\000N\000\040\000s\000p\000a\000l\000t\000e\000r}{section*.5}% 7
\BOOKMARK [3][-]{section*.8}{\376\377\000S\000i\000r\000k\000u\000l\000\346\000r\000\040\000a\000p\000e\000r\000t\000u\000r}{section*.5}% 8
\BOOKMARK [2][-]{section*.9}{\376\377\000G\000i\000t\000t\000e\000r\000s\000p\000e\000k\000t\000r\000o\000s\000k\000o\000p\000i}{section*.4}% 9
\BOOKMARK [3][-]{section*.10}{\376\377\000G\000i\000t\000t\000e\000r\000s\000p\000e\000k\000t\000r\000o\000m\000e\000t\000e\000r}{section*.9}% 10
\BOOKMARK [3][-]{section*.11}{\376\377\000E\000m\000i\000s\000j\000o\000n\000s\000p\000e\000k\000t\000e\000r}{section*.9}% 11
\BOOKMARK [2][-]{section*.12}{\376\377\000Z\000e\000e\000m\000a\000n\000\040\000e\000f\000f\000e\000k\000t\000e\000n}{section*.4}% 12
\BOOKMARK [3][-]{section*.13}{\376\377\000F\000a\000b\000r\000y\000-\000P\000\351\000r\000o\000t\000\040\000I\000n\000t\000e\000r\000f\000e\000r\000o\000m\000e\000t\000e\000r}{section*.12}% 13
\BOOKMARK [2][-]{section*.14}{\376\377\000B\000e\000r\000e\000g\000n\000i\000n\000g\000\040\000a\000v\000\040\000u\000s\000i\000k\000k\000e\000r\000h\000e\000t\000e\000r}{section*.4}% 14
\BOOKMARK [1][-]{section*.15}{\376\377\000E\000k\000s\000p\000e\000r\000i\000m\000e\000n\000t\000e\000l\000t}{section*.2}% 15
\BOOKMARK [2][-]{section*.16}{\376\377\000D\000i\000f\000f\000r\000a\000k\000s\000j\000o\000n\000s\000m\000\370\000n\000s\000t\000e\000r\000\040\000v\000e\000d\000\040\000H\000e\000N\000e\000\040\000L\000a\000s\000e\000r}{section*.15}% 16
\BOOKMARK [3][-]{section*.17}{\376\377\000E\000n\000k\000e\000l\000t\000s\000p\000a\000l\000t\000e}{section*.16}% 17
\BOOKMARK [3][-]{section*.18}{\376\377\000D\000o\000b\000b\000e\000l\000t\000s\000p\000a\000l\000t\000e\000r}{section*.16}% 18
\BOOKMARK [3][-]{section*.19}{\376\377\000S\000i\000r\000k\000u\000l\000\346\000r\000t\000\040\000a\000p\000e\000r\000t\000u\000r}{section*.16}% 19
\BOOKMARK [2][-]{section*.20}{\376\377\000S\000p\000e\000k\000t\000r\000a\000l\000l\000i\000n\000j\000e\000r}{section*.15}% 20
\BOOKMARK [2][-]{section*.21}{\376\377\000Z\000e\000e\000m\000a\000n\000\040\000E\000f\000f\000e\000k\000t\000e\000n}{section*.15}% 21
\BOOKMARK [1][-]{section*.22}{\376\377\000R\000e\000s\000u\000l\000t\000a\000t\000e\000r}{section*.2}% 22
\BOOKMARK [2][-]{section*.23}{\376\377\000D\000i\000f\000f\000r\000a\000k\000s\000j\000o\000n\000\040\000o\000g\000\040\000i\000n\000t\000e\000r\000f\000e\000r\000e\000n\000s\000\040\000f\000r\000a\000\040\000f\000o\000r\000s\000k\000j\000e\000l\000l\000i\000g\000\040\000t\000y\000p\000e\000r\000\040\000s\000p\000a\000l\000t\000e\000r}{section*.22}% 23
\BOOKMARK [2][-]{section*.24}{\376\377\000G\000i\000t\000t\000e\000r\000s\000p\000e\000k\000t\000r\000o\000m\000e\000t\000r\000i}{section*.22}% 24
\BOOKMARK [2][-]{section*.25}{\376\377\000Z\000e\000e\000m\000a\000n\000-\000e\000f\000f\000e\000k\000t\000e\000n}{section*.22}% 25
\BOOKMARK [3][-]{section*.26}{\376\377\0003\000\040\000A\000m\000p\000e\000r\000e\000\040\000s\000t\000r\000\370\000m}{section*.25}% 26
\BOOKMARK [3][-]{section*.27}{\376\377\0004\000\040\000A\000m\000p\000e\000r\000e\000\040\000s\000t\000r\000\370\000m}{section*.25}% 27
\BOOKMARK [1][-]{section*.28}{\376\377\000D\000i\000s\000k\000u\000s\000j\000o\000n}{section*.2}% 28
\BOOKMARK [2][-]{section*.29}{\376\377\000D\000i\000f\000f\000r\000a\000k\000s\000j\000o\000n\000\040\000o\000g\000\040\000i\000n\000t\000e\000r\000f\000e\000r\000e\000n\000s\000\040\000f\000r\000a\000\040\000f\000o\000r\000s\000k\000j\000e\000l\000l\000i\000g\000\040\000t\000y\000p\000e\000r\000\040\000s\000p\000a\000l\000t\000e\000r}{section*.28}% 29
\BOOKMARK [2][-]{section*.30}{\376\377\000G\000i\000t\000t\000e\000r\000s\000p\000e\000k\000t\000r\000o\000s\000k\000o\000p\000i}{section*.28}% 30
\BOOKMARK [2][-]{section*.31}{\376\377\000Z\000e\000e\000m\000a\000n\000-\000e\000f\000f\000e\000k\000t\000e\000n}{section*.28}% 31
\BOOKMARK [1][-]{section*.32}{\376\377\000K\000o\000n\000k\000l\000u\000s\000j\000o\000n}{section*.2}% 32
\BOOKMARK [1][-]{section*.33}{\376\377\000R\000e\000f\000e\000r\000e\000n\000c\000e\000s}{section*.2}% 33
