This is pdfTeX, Version 3.141592653-2.6-1.40.24 (MiKTeX 22.8.28) (preloaded format=pdflatex 2023.3.23)  14 JUN 2023 11:56
entering extended mode
 restricted \write18 enabled.
 file:line:error style messages enabled.
 %&-line parsing enabled.
**"c:/Users/oskar/OneDrive - Universitetet i Oslo/Dokumenter/GitHub/Privat/FYS2150-Eksperimental-Fysikk/Modul 3/Lab 4 - Bølgeoptikk/FYS2150 Eksamen.tex"
(c:/Users/oskar/OneDrive - Universitetet i Oslo/Dokumenter/GitHub/Privat/FYS2150-Eksperimental-Fysikk/Modul 3/Lab 4 - Bølgeoptikk/FYS2150 Eksamen.tex
LaTeX2e <2022-06-01> patch level 5
L3 programming layer <2022-08-23> (C:\Users\oskar\AppData\Local\Programs\MiKTeX\tex/latex/revtex\revtex4-2.cls
Document Class: revtex4-2 2020/10/03 4.2e (https://journals.aps.org/revtex/ for documentation)
 Copyright (c) 2019 American Physical Society.
 mailto:revtex@aps.org
 Licensed under the LPPL:
http://www.ctan.org/tex-archive/macros/latex/base/lppl.txt
 Arthur Ogawa <arthur_ogawa at sbcglobal dot net>
 Based on work by David Carlisle <david at dcarlisle.demon.co.uk>
 Version (4.2d,4.2e): Modified by Mark Doyle and Phelype Oleinik
 .
ltxutil[2020/10/03 4.2e utilities package (portions licensed from W. E. Baxter web at superscript.com)]
LaTeX Info: Redefining \@centercr on input line 356.
Class revtex4-2 Info: Repairing hyperref-unfriendly LaTeX definition of \mpfootnote on input line 481.
Class revtex4-2 Info: Repairing broken LateX \@sect on input line 803.
\intertabularlinepenalty=\count185
\@tbpen=\count186
\@arstrutbox@hline=\box51
Class revtex4-2 Info: Repairing broken LaTeX \@xbitor on input line 1834.
Class revtex4-2 Info: Making \typeout \long on input line 2099.
ltxfront[2020/10/03 4.2e frontmatter package (AO,DPC,MD)]
\c@affil=\count187
\c@collab=\count188
\absbox=\box52
ltxgrid[2020/10/03 4.2e page grid package (portions licensed from W. E. Baxter web at superscript.com)]
\c@linecount=\count189
\output@latex=\toks16
\box@size@1=\box53
\box@size@2=\box54
\@protection@box=\box55
\@topmark@saved=\toks17
\footins@saved=\box56
\footins@recovered=\box57
\column@recovered=\box58
\pagesofar=\box59
\footsofar=\box60
\pagegrid@col=\count190
Class revtex4-2 Info: Overriding \@vspace, \@vspacer, \@no@pgbk, \@newline, and \\  on input line 5665.
\c@part=\count191
\c@section=\count192
\c@subsection=\count193
\c@subsubsection=\count194
\c@paragraph=\count195
\c@subparagraph=\count196
\abovecaptionskip=\skip47
\belowcaptionskip=\skip48
\c@figure=\count197
\fbox@1=\box61
\c@table=\count198
\fbox@2=\box62
\c@video=\count199
\fbox@4=\box63
\@bibdataout=\write3
\widetext@top=\box64
\widetext@bot=\box65

Class revtex4-2 Warning: No Society specified, using default society aps.

(C:\Users\oskar\AppData\Local\Programs\MiKTeX\tex/latex/revtex\aps4-2.rtx
File: aps4-2 2020/10/03 4.2e (https://journals.aps.org/revtex/ for documentation)
Class revtex4-2 Info: RevTeX society APS selected on input line 40.
)

Class revtex4-2 Warning: No journal specified, using default pra.

Class revtex4-2 Info: APS journal PRA selected on input line 7661.
(C:\Users\oskar\AppData\Local\Programs\MiKTeX\tex/latex/revtex\aps10pt4-2.rtx
File: aps10pt4-2 2020/10/03 4.2e (https://journals.aps.org/revtex/ for documentation)
Class revtex4-2 Info: RevTeX pointsize 10pt selected on input line 39.
) (C:\Users\oskar\AppData\Local\Programs\MiKTeX\tex/latex/textcase\textcase.sty
Package: textcase 2022/07/10 v1.03 Text only upper/lower case changing (DPC)
Package textcase Info: Defining Legacy names on input line 20.
) (C:\Users\oskar\AppData\Local\Programs\MiKTeX\tex/latex/url\url.sty
\Urlmuskip=\muskip16
Package: url 2013/09/16  ver 3.4  Verb mode for urls, etc.
) (C:\Users\oskar\AppData\Local\Programs\MiKTeX\tex/latex/natbib\natbib.sty
Package: natbib 2010/09/13 8.31b (PWD, AO)
\bibhang=\skip49
\bibsep=\skip50
LaTeX Info: Redefining \cite on input line 694.
\c@NAT@ctr=\count266
)
Class revtex4-2 Info: Repairing natbib's \BibitemShut on input line 7665.
 (C:\Users\oskar\AppData\Local\Programs\MiKTeX\tex/latex/revtex\revsymb4-2.sty
Package: revsymb4-2 2020/10/03 4.2e (https://journals.aps.org/revtex/ for documentation)
LaTeX Info: Redefining \REV@mathfrak on input line 128.
)) (C:\Users\oskar\AppData\Local\Programs\MiKTeX\tex/latex/amsmath\amsmath.sty
Package: amsmath 2022/04/08 v2.17n AMS math features
\@mathmargin=\skip51

For additional information on amsmath, use the `?' option.
(C:\Users\oskar\AppData\Local\Programs\MiKTeX\tex/latex/amsmath\amstext.sty
Package: amstext 2021/08/26 v2.01 AMS text
 (C:\Users\oskar\AppData\Local\Programs\MiKTeX\tex/latex/amsmath\amsgen.sty
File: amsgen.sty 1999/11/30 v2.0 generic functions
\@emptytoks=\toks18
\ex@=\dimen138
)
LaTeX Info: Redefining \text on input line 28.
) (C:\Users\oskar\AppData\Local\Programs\MiKTeX\tex/latex/amsmath\amsbsy.sty
Package: amsbsy 1999/11/29 v1.2d Bold Symbols
\pmbraise@=\dimen139
) (C:\Users\oskar\AppData\Local\Programs\MiKTeX\tex/latex/amsmath\amsopn.sty
Package: amsopn 2022/04/08 v2.04 operator names
)
\inf@bad=\count267
LaTeX Info: Redefining \frac on input line 234.
\uproot@=\count268
\leftroot@=\count269
LaTeX Info: Redefining \overline on input line 399.
LaTeX Info: Redefining \colon on input line 410.
\classnum@=\count270
\DOTSCASE@=\count271
LaTeX Info: Redefining \ldots on input line 496.
LaTeX Info: Redefining \dots on input line 499.
LaTeX Info: Redefining \cdots on input line 620.
\Mathstrutbox@=\box66
\strutbox@=\box67
LaTeX Info: Redefining \big on input line 722.
LaTeX Info: Redefining \Big on input line 723.
LaTeX Info: Redefining \bigg on input line 724.
LaTeX Info: Redefining \Bigg on input line 725.
\big@size=\dimen140
LaTeX Font Info:    Redeclaring font encoding OML on input line 743.
LaTeX Font Info:    Redeclaring font encoding OMS on input line 744.
\macc@depth=\count272
LaTeX Info: Redefining \bmod on input line 905.
LaTeX Info: Redefining \pmod on input line 910.
LaTeX Info: Redefining \smash on input line 940.
LaTeX Info: Redefining \relbar on input line 970.
LaTeX Info: Redefining \Relbar on input line 971.
\c@MaxMatrixCols=\count273
\dotsspace@=\muskip17
\c@parentequation=\count274
\dspbrk@lvl=\count275
\tag@help=\toks19
\row@=\count276
\column@=\count277
\maxfields@=\count278
\andhelp@=\toks20
\eqnshift@=\dimen141
\alignsep@=\dimen142
\tagshift@=\dimen143
\tagwidth@=\dimen144
\totwidth@=\dimen145
\lineht@=\dimen146
\@envbody=\toks21
\multlinegap=\skip52
\multlinetaggap=\skip53
\mathdisplay@stack=\toks22
LaTeX Info: Redefining \[ on input line 2953.
LaTeX Info: Redefining \] on input line 2954.
) (C:\Users\oskar\AppData\Local\Programs\MiKTeX\tex/latex/ucs\ucs.sty
Package: ucs 2022/08/07 v2.3 UCS: Unicode input support
 (C:\Users\oskar\AppData\Local\Programs\MiKTeX\tex/latex/ucs/data\uni-global.def
File: uni-global.def 2022/08/07 UCS: Unicode global data
)
\uc@secondtry=\count279
\uc@combtoks=\toks23
\uc@combtoksb=\toks24
\uc@temptokena=\toks25
) (C:\Users\oskar\AppData\Local\Programs\MiKTeX\tex/latex/base\inputenc.sty
Package: inputenc 2021/02/14 v1.3d Input encoding file
\inpenc@prehook=\toks26
\inpenc@posthook=\toks27
 (C:\Users\oskar\AppData\Local\Programs\MiKTeX\tex/latex/ucs\utf8x.def
File: utf8x.def 2022/08/07 UCS: Input encoding UTF-8
)) (C:\Users\oskar\AppData\Local\Programs\MiKTeX\tex/generic/babel\babel.sty
Package: babel 2022/07/20 3.78 The Babel package
\babel@savecnt=\count280
\U@D=\dimen147
\l@unhyphenated=\language79
 (C:\Users\oskar\AppData\Local\Programs\MiKTeX\tex/generic/babel\txtbabel.def)
\bbl@readstream=\read2
\bbl@dirlevel=\count281

*************************************
* Local config file bblopts.cfg used
*
(C:\Users\oskar\AppData\Local\Programs\MiKTeX\tex/latex/arabi\bblopts.cfg
File: bblopts.cfg 2005/09/08 v0.1 add Arabic and Farsi to "declared" options of babel
) (C:\Users\oskar\AppData\Local\Programs\MiKTeX\tex/latex/babel-norsk\norsk.ldf
Language: norsk 2012/08/06 v2.0i Norsk support from the babel system
Package babel Info: Making " an active character on input line 113.
)) (C:\Users\oskar\AppData\Local\Programs\MiKTeX\tex/generic/babel/locale/no\babel-norsk.tex
Package babel Info: Importing font and identification data for norsk
(babel)             from babel-no.ini. Reported on input line 11.
) (C:\Users\oskar\AppData\Local\Programs\MiKTeX\tex/latex/esint\esint.sty
Package: esint 
\symlargesymbolsA=\mathgroup4
) (C:\Users\oskar\AppData\Local\Programs\MiKTeX\tex/latex/physics\physics.sty
Package: physics 
 (C:\Users\oskar\AppData\Local\Programs\MiKTeX\tex/latex/l3packages/xparse\xparse.sty (C:\Users\oskar\AppData\Local\Programs\MiKTeX\tex/latex/l3kernel\expl3.sty
Package: expl3 2022-08-23 L3 programming layer (loader) 
 (C:\Users\oskar\AppData\Local\Programs\MiKTeX\tex/latex/l3backend\l3backend-pdftex.def
File: l3backend-pdftex.def 2022-08-23 L3 backend support: PDF output (pdfTeX)
\l__color_backend_stack_int=\count282
\l__pdf_internal_box=\box68
))
Package: xparse 2022-06-22 L3 Experimental document command parser
)) (C:\Users\oskar\AppData\Local\Programs\MiKTeX\tex/latex/amsfonts\amssymb.sty
Package: amssymb 2013/01/14 v3.01 AMS font symbols
 (C:\Users\oskar\AppData\Local\Programs\MiKTeX\tex/latex/amsfonts\amsfonts.sty
Package: amsfonts 2013/01/14 v3.01 Basic AMSFonts support
\symAMSa=\mathgroup5
\symAMSb=\mathgroup6
LaTeX Font Info:    Redeclaring math symbol \hbar on input line 98.
LaTeX Font Info:    Overwriting math alphabet `\mathfrak' in version `bold'
(Font)                  U/euf/m/n --> U/euf/b/n on input line 106.
LaTeX Info: Redefining \frak on input line 111.
LaTeX Info: Redefining \Bbb on input line 113.
)) (C:\Users\oskar\AppData\Local\Programs\MiKTeX\tex/latex/graphics\graphicx.sty
Package: graphicx 2021/09/16 v1.2d Enhanced LaTeX Graphics (DPC,SPQR)
 (C:\Users\oskar\AppData\Local\Programs\MiKTeX\tex/latex/graphics\keyval.sty
Package: keyval 2022/05/29 v1.15 key=value parser (DPC)
\KV@toks@=\toks28
) (C:\Users\oskar\AppData\Local\Programs\MiKTeX\tex/latex/graphics\graphics.sty
Package: graphics 2022/03/10 v1.4e Standard LaTeX Graphics (DPC,SPQR)
 (C:\Users\oskar\AppData\Local\Programs\MiKTeX\tex/latex/graphics\trig.sty
Package: trig 2021/08/11 v1.11 sin cos tan (DPC)
) (C:\Users\oskar\AppData\Local\Programs\MiKTeX\tex/latex/graphics-cfg\graphics.cfg
File: graphics.cfg 2016/06/04 v1.11 sample graphics configuration
)
Package graphics Info: Driver file: pdftex.def on input line 107.
 (C:\Users\oskar\AppData\Local\Programs\MiKTeX\tex/latex/graphics-def\pdftex.def
File: pdftex.def 2020/10/05 v1.2a Graphics/color driver for pdftex
))
\Gin@req@height=\dimen148
\Gin@req@width=\dimen149
) (C:\Users\oskar\AppData\Local\Programs\MiKTeX\tex/latex/xcolor\xcolor.sty
Package: xcolor 2022/06/12 v2.14 LaTeX color extensions (UK)
 (C:\Users\oskar\AppData\Local\Programs\MiKTeX\tex/latex/graphics-cfg\color.cfg
File: color.cfg 2016/01/02 v1.6 sample color configuration
)
Package xcolor Info: Driver file: pdftex.def on input line 227.
 (C:\Users\oskar\AppData\Local\Programs\MiKTeX\tex/latex-dev/graphics\mathcolor.ltx)
Package xcolor Info: Model `cmy' substituted by `cmy0' on input line 1353.
Package xcolor Info: Model `hsb' substituted by `rgb' on input line 1357.
Package xcolor Info: Model `RGB' extended on input line 1369.
Package xcolor Info: Model `HTML' substituted by `rgb' on input line 1371.
Package xcolor Info: Model `Hsb' substituted by `hsb' on input line 1372.
Package xcolor Info: Model `tHsb' substituted by `hsb' on input line 1373.
Package xcolor Info: Model `HSB' substituted by `hsb' on input line 1374.
Package xcolor Info: Model `Gray' substituted by `gray' on input line 1375.
Package xcolor Info: Model `wave' substituted by `hsb' on input line 1376.
) (C:\Users\oskar\AppData\Local\Programs\MiKTeX\tex/latex/hyperref\hyperref.sty
Package: hyperref 2022-06-20 v7.00s Hypertext links for LaTeX
 (C:\Users\oskar\AppData\Local\Programs\MiKTeX\tex/generic/ltxcmds\ltxcmds.sty
Package: ltxcmds 2020-05-10 v1.25 LaTeX kernel commands for general use (HO)
) (C:\Users\oskar\AppData\Local\Programs\MiKTeX\tex/generic/iftex\iftex.sty
Package: iftex 2022/02/03 v1.0f TeX engine tests
) (C:\Users\oskar\AppData\Local\Programs\MiKTeX\tex/generic/pdftexcmds\pdftexcmds.sty
Package: pdftexcmds 2020-06-27 v0.33 Utility functions of pdfTeX for LuaTeX (HO)
 (C:\Users\oskar\AppData\Local\Programs\MiKTeX\tex/generic/infwarerr\infwarerr.sty
Package: infwarerr 2019/12/03 v1.5 Providing info/warning/error messages (HO)
)
Package pdftexcmds Info: \pdf@primitive is available.
Package pdftexcmds Info: \pdf@ifprimitive is available.
Package pdftexcmds Info: \pdfdraftmode found.
) (C:\Users\oskar\AppData\Local\Programs\MiKTeX\tex/generic/kvsetkeys\kvsetkeys.sty
Package: kvsetkeys 2019/12/15 v1.18 Key value parser (HO)
) (C:\Users\oskar\AppData\Local\Programs\MiKTeX\tex/generic/kvdefinekeys\kvdefinekeys.sty
Package: kvdefinekeys 2019-12-19 v1.6 Define keys (HO)
) (C:\Users\oskar\AppData\Local\Programs\MiKTeX\tex/generic/pdfescape\pdfescape.sty
Package: pdfescape 2019/12/09 v1.15 Implements pdfTeX's escape features (HO)
) (C:\Users\oskar\AppData\Local\Programs\MiKTeX\tex/latex/hycolor\hycolor.sty
Package: hycolor 2020-01-27 v1.10 Color options for hyperref/bookmark (HO)
) (C:\Users\oskar\AppData\Local\Programs\MiKTeX\tex/latex/letltxmacro\letltxmacro.sty
Package: letltxmacro 2019/12/03 v1.6 Let assignment for LaTeX macros (HO)
) (C:\Users\oskar\AppData\Local\Programs\MiKTeX\tex/latex/auxhook\auxhook.sty
Package: auxhook 2019-12-17 v1.6 Hooks for auxiliary files (HO)
) (C:\Users\oskar\AppData\Local\Programs\MiKTeX\tex/latex/hyperref\nameref.sty
Package: nameref 2022-05-17 v2.50 Cross-referencing by name of section
 (C:\Users\oskar\AppData\Local\Programs\MiKTeX\tex/latex/refcount\refcount.sty
Package: refcount 2019/12/15 v3.6 Data extraction from label references (HO)
) (C:\Users\oskar\AppData\Local\Programs\MiKTeX\tex/generic/gettitlestring\gettitlestring.sty
Package: gettitlestring 2019/12/15 v1.6 Cleanup title references (HO)
 (C:\Users\oskar\AppData\Local\Programs\MiKTeX\tex/latex/kvoptions\kvoptions.sty
Package: kvoptions 2022-06-15 v3.15 Key value format for package options (HO)
))
\c@section@level=\count283
)
\@linkdim=\dimen150
\Hy@linkcounter=\count284
\Hy@pagecounter=\count285
 (C:\Users\oskar\AppData\Local\Programs\MiKTeX\tex/latex/hyperref\pd1enc.def
File: pd1enc.def 2022-06-20 v7.00s Hyperref: PDFDocEncoding definition (HO)
) (C:\Users\oskar\AppData\Local\Programs\MiKTeX\tex/generic/intcalc\intcalc.sty
Package: intcalc 2019/12/15 v1.3 Expandable calculations with integers (HO)
) (C:\Users\oskar\AppData\Local\Programs\MiKTeX\tex/generic/etexcmds\etexcmds.sty
Package: etexcmds 2019/12/15 v1.7 Avoid name clashes with e-TeX commands (HO)
)
\Hy@SavedSpaceFactor=\count286
 (C:\Users\oskar\AppData\Local\Programs\MiKTeX\tex/latex/hyperref\puenc.def
File: puenc.def 2022-06-20 v7.00s Hyperref: PDF Unicode definition (HO)
)
Package hyperref Info: Option `colorlinks' set `true' on input line 4045.
Package hyperref Info: Hyper figures OFF on input line 4162.
Package hyperref Info: Link nesting OFF on input line 4167.
Package hyperref Info: Hyper index ON on input line 4170.
Package hyperref Info: Plain pages OFF on input line 4177.
Package hyperref Info: Backreferencing OFF on input line 4182.
Package hyperref Info: Implicit mode ON; LaTeX internals redefined.
Package hyperref Info: Bookmarks ON on input line 4408.
LaTeX Info: Redefining \href on input line 4657.
\c@Hy@tempcnt=\count287
LaTeX Info: Redefining \url on input line 4746.
\XeTeXLinkMargin=\dimen151
 (C:\Users\oskar\AppData\Local\Programs\MiKTeX\tex/generic/bitset\bitset.sty
Package: bitset 2019/12/09 v1.3 Handle bit-vector datatype (HO)
 (C:\Users\oskar\AppData\Local\Programs\MiKTeX\tex/generic/bigintcalc\bigintcalc.sty
Package: bigintcalc 2019/12/15 v1.5 Expandable calculations on big integers (HO)
))
\Fld@menulength=\count288
\Field@Width=\dimen152
\Fld@charsize=\dimen153
Package hyperref Info: Hyper figures OFF on input line 6024.
Package hyperref Info: Link nesting OFF on input line 6029.
Package hyperref Info: Hyper index ON on input line 6032.
Package hyperref Info: backreferencing OFF on input line 6039.
Package hyperref Info: Link coloring ON on input line 6042.
Package hyperref Info: Link coloring with OCG OFF on input line 6049.
Package hyperref Info: PDF/A mode OFF on input line 6054.
 (C:\Users\oskar\AppData\Local\Programs\MiKTeX\tex/latex/base\atbegshi-ltx.sty
Package: atbegshi-ltx 2021/01/10 v1.0c Emulation of the original atbegshi
package with kernel methods
)
\Hy@abspage=\count289
\c@Item=\count290
\c@Hfootnote=\count291
)
Package hyperref Info: Driver (autodetected): hpdftex.
 (C:\Users\oskar\AppData\Local\Programs\MiKTeX\tex/latex/hyperref\hpdftex.def
File: hpdftex.def 2022-06-20 v7.00s Hyperref driver for pdfTeX
 (C:\Users\oskar\AppData\Local\Programs\MiKTeX\tex/latex/base\atveryend-ltx.sty
Package: atveryend-ltx 2020/08/19 v1.0a Emulation of the original atveryend package
with kernel methods
)
\Fld@listcount=\count292
\c@bookmark@seq@number=\count293
 (C:\Users\oskar\AppData\Local\Programs\MiKTeX\tex/latex/rerunfilecheck\rerunfilecheck.sty
Package: rerunfilecheck 2022-07-10 v1.10 Rerun checks for auxiliary files (HO)
 (C:\Users\oskar\AppData\Local\Programs\MiKTeX\tex/generic/uniquecounter\uniquecounter.sty
Package: uniquecounter 2019/12/15 v1.4 Provide unlimited unique counter (HO)
)
Package uniquecounter Info: New unique counter `rerunfilecheck' on input line 285.
)
\Hy@SectionHShift=\skip54
) (C:\Users\oskar\AppData\Local\Programs\MiKTeX\tex/latex/cleveref\cleveref.sty
Package: cleveref 2018/03/27 v0.21.4 Intelligent cross-referencing
Package cleveref Info: `hyperref' support loaded on input line 2370.
LaTeX Info: Redefining \cref on input line 2370.
LaTeX Info: Redefining \Cref on input line 2370.
LaTeX Info: Redefining \crefrange on input line 2370.
LaTeX Info: Redefining \Crefrange on input line 2370.
LaTeX Info: Redefining \cpageref on input line 2370.
LaTeX Info: Redefining \Cpageref on input line 2370.
LaTeX Info: Redefining \cpagerefrange on input line 2370.
LaTeX Info: Redefining \Cpagerefrange on input line 2370.
LaTeX Info: Redefining \labelcref on input line 2370.
LaTeX Info: Redefining \labelcpageref on input line 2370.
) (C:\Users\oskar\AppData\Local\Programs\MiKTeX\tex/latex/listings\listings.sty
\lst@mode=\count294
\lst@gtempboxa=\box69
\lst@token=\toks29
\lst@length=\count295
\lst@currlwidth=\dimen154
\lst@column=\count296
\lst@pos=\count297
\lst@lostspace=\dimen155
\lst@width=\dimen156
\lst@newlines=\count298
\lst@lineno=\count299
\lst@maxwidth=\dimen157
 (C:\Users\oskar\AppData\Local\Programs\MiKTeX\tex/latex/listings\lstmisc.sty
File: lstmisc.sty 2020/03/24 1.8d (Carsten Heinz)
\c@lstnumber=\count300
\lst@skipnumbers=\count301
\lst@framebox=\box70
) (C:\Users\oskar\AppData\Local\Programs\MiKTeX\tex/latex/listings\listings.cfg
File: listings.cfg 2020/03/24 1.8d listings configuration
))
Package: listings 2020/03/24 1.8d (Carsten Heinz)
 (C:\Users\oskar\AppData\Local\Programs\MiKTeX\tex/latex/enumitem\enumitem.sty
Package: enumitem 2019/06/20 v3.9 Customized lists
\labelindent=\skip55
\enit@outerparindent=\dimen158
\enit@toks=\toks30
\enit@inbox=\box71
\enit@count@id=\count302
\enitdp@description=\count303
) (C:\Users\oskar\AppData\Local\Programs\MiKTeX\tex/latex/subfigure\subfigure.sty
Package: subfigure 2002/07/30 v2.1.4 subfigure package
\subfigtopskip=\skip56
\subfigcapskip=\skip57
\subfigcaptopadj=\dimen159
\subfigbottomskip=\skip58
\subfigcapmargin=\dimen160
\subfiglabelskip=\skip59
\c@subfigure=\count304
\c@lofdepth=\count305
\c@subtable=\count306
\c@lotdepth=\count307

****************************************
* Local config file subfigure.cfg used *
****************************************
(C:\Users\oskar\AppData\Local\Programs\MiKTeX\tex/latex/subfigure\subfigure.cfg)
\subfig@top=\skip60
\subfig@bottom=\skip61
) (C:\Users\oskar\AppData\Local\Programs\MiKTeX\tex/latex/float\float.sty
Package: float 2001/11/08 v1.3d Float enhancements (AL)
\c@float@type=\count308
\float@exts=\toks31
\float@box=\box72
\@float@everytoks=\toks32
\@floatcapt=\box73
) (C:\Users\oskar\AppData\Local\Programs\MiKTeX\tex/latex/tools\array.sty
Package: array 2021/10/04 v2.5f Tabular extension package (FMi)
\col@sep=\dimen161
\ar@mcellbox=\box74
\extrarowheight=\dimen162
\NC@list=\toks33
\extratabsurround=\skip62
\backup@length=\skip63
\ar@cellbox=\box75
) (C:\Users\oskar\AppData\Local\Programs\MiKTeX\tex/latex/booktabs\booktabs.sty
Package: booktabs 2020/01/12 v1.61803398 Publication quality tables
\heavyrulewidth=\dimen163
\lightrulewidth=\dimen164
\cmidrulewidth=\dimen165
\belowrulesep=\dimen166
\belowbottomsep=\dimen167
\aboverulesep=\dimen168
\abovetopsep=\dimen169
\cmidrulesep=\dimen170
\cmidrulekern=\dimen171
\defaultaddspace=\dimen172
\@cmidla=\count309
\@cmidlb=\count310
\@aboverulesep=\dimen173
\@belowrulesep=\dimen174
\@thisruleclass=\count311
\@lastruleclass=\count312
\@thisrulewidth=\dimen175
) (C:\Users\oskar\AppData\Local\Programs\MiKTeX\tex/latex/sectsty\sectsty.sty
Package: sectsty 2002/02/25 v2.0.2 Commands to change all sectional heading styles


LaTeX Warning: Command \underbar  has changed.
               Check if current package is valid.


LaTeX Warning: Command \underline  has changed.
               Check if current package is valid.


C:\Users\oskar\AppData\Local\Programs\MiKTeX\tex/latex/sectsty\sectsty.sty:296: Package sectsty Error: The sectsty package doesn't work with
(sectsty)                this document class.

See the sectsty package documentation for explanation.
Type  H <return>  for immediate help.
 ...                                              
                                                  
l.296     scrartcl, scrbook, and scrreprt.}
                                           
The sectsty package only works with the following classes: 
the standard LaTeX document classes
article, report, and book; and
the KOMA-Script classes
scrartcl, scrbook, and scrreprt.

)
Package hyperref Info: Option `colorlinks' set `true' on input line 29.
 (C:\Users\oskar\AppData\Local\Programs\MiKTeX\tex/latex/listings\lstlang1.sty
File: lstlang1.sty 2020/03/24 1.8d listings language file
)
Class revtex4-2 Info: Unrecognized array package. Please update this document class! (Proceeding with fingers crossed.) on input line 45.


Class revtex4-2 Warning: Repair the float package.

Class revtex4-2 Info: cite was not loaded (OK!) on input line 45.
Class revtex4-2 Info: mcite was not loaded (OK!) on input line 45.
Class revtex4-2 Info: multicol was not loaded (OK!) on input line 45.
(c:\Users\oskar\OneDrive - Universitetet i Oslo\Dokumenter\GitHub\Privat\FYS2150-Eksperimental-Fysikk\Modul 3\Lab 4 - Bølgeoptikk\out\FYS2150 Eksamen.aux)
\openout1 = `"FYS2150 Eksamen.aux"'.

LaTeX Font Info:    Checking defaults for OML/cmm/m/it on input line 45.
LaTeX Font Info:    ... okay on input line 45.
LaTeX Font Info:    Checking defaults for OMS/cmsy/m/n on input line 45.
LaTeX Font Info:    ... okay on input line 45.
LaTeX Font Info:    Checking defaults for OT1/cmr/m/n on input line 45.
LaTeX Font Info:    ... okay on input line 45.
LaTeX Font Info:    Checking defaults for T1/cmr/m/n on input line 45.
LaTeX Font Info:    ... okay on input line 45.
LaTeX Font Info:    Checking defaults for TS1/cmr/m/n on input line 45.
LaTeX Font Info:    ... okay on input line 45.
LaTeX Font Info:    Checking defaults for OMX/cmex/m/n on input line 45.
LaTeX Font Info:    ... okay on input line 45.
LaTeX Font Info:    Checking defaults for U/cmr/m/n on input line 45.
LaTeX Font Info:    ... okay on input line 45.
LaTeX Font Info:    Checking defaults for PD1/pdf/m/n on input line 45.
LaTeX Font Info:    ... okay on input line 45.
LaTeX Font Info:    Checking defaults for PU/pdf/m/n on input line 45.
LaTeX Font Info:    ... okay on input line 45.
 (C:\Users\oskar\AppData\Local\Programs\MiKTeX\tex/latex/ucs\ucsencs.def
File: ucsencs.def 2011/01/21 Fixes to fontencodings LGR, T3
) (C:\Users\oskar\AppData\Local\Programs\MiKTeX\tex/context/base/mkii\supp-pdf.mkii
[Loading MPS to PDF converter (version 2006.09.02).]
\scratchcounter=\count313
\scratchdimen=\dimen176
\scratchbox=\box76
\nofMPsegments=\count314
\nofMParguments=\count315
\everyMPshowfont=\toks34
\MPscratchCnt=\count316
\MPscratchDim=\dimen177
\MPnumerator=\count317
\makeMPintoPDFobject=\count318
\everyMPtoPDFconversion=\toks35
) (C:\Users\oskar\AppData\Local\Programs\MiKTeX\tex/latex/epstopdf-pkg\epstopdf-base.sty
Package: epstopdf-base 2020-01-24 v2.11 Base part for package epstopdf
Package epstopdf-base Info: Redefining graphics rule for `.eps' on input line 485.
 (C:\Users\oskar\AppData\Local\Programs\MiKTeX\tex/latex/00miktex\epstopdf-sys.cfg
File: epstopdf-sys.cfg 2021/03/18 v2.0 Configuration of epstopdf for MiKTeX
))
Package hyperref Info: Link coloring ON on input line 45.
 (c:\Users\oskar\OneDrive - Universitetet i Oslo\Dokumenter\GitHub\Privat\FYS2150-Eksperimental-Fysikk\Modul 3\Lab 4 - Bølgeoptikk\out\FYS2150 Eksamen.out) (c:\Users\oskar\OneDrive - Universitetet i Oslo\Dokumenter\GitHub\Privat\FYS2150-Eksperimental-Fysikk\Modul 3\Lab 4 - Bølgeoptikk\out\FYS2150 Eksamen.out)
\@outlinefile=\write4
\openout4 = `"FYS2150 Eksamen.out"'.

\c@lstlisting=\count319
Class revtex4-2 Info: Taking \maketitle back from hyperref on input line 45.
\openout3 = `"FYS2150 EksamenNotes.bib"'.

 (C:\Users\oskar\AppData\Local\Programs\MiKTeX\tex/latex/ucs/data\uni-0.def
File: uni-0.def 2022/08/07 UCS: Unicode data U+0000..U+00FF
)
LaTeX Font Info:    Trying to load font information for U+esint on input line 55.
 (C:\Users\oskar\AppData\Local\Programs\MiKTeX\tex/latex/esint\uesint.fd
File: uesint.fd 
)
LaTeX Font Info:    Trying to load font information for U+msa on input line 55.
 (C:\Users\oskar\AppData\Local\Programs\MiKTeX\tex/latex/amsfonts\umsa.fd
File: umsa.fd 2013/01/14 v3.01 AMS symbols A
)
LaTeX Font Info:    Trying to load font information for U+msb on input line 55.
 (C:\Users\oskar\AppData\Local\Programs\MiKTeX\tex/latex/amsfonts\umsb.fd
File: umsb.fd 2013/01/14 v3.01 AMS symbols B
) (C:\Users\oskar\AppData\Local\Programs\MiKTeX\tex/latex/ucs/data\uni-3.def
File: uni-3.def 2022/08/07 UCS: Unicode data U+0300..U+03FF
) (C:\Users\oskar\AppData\Local\Programs\MiKTeX\tex/latex/ucs/data\uni-34.def
File: uni-34.def 2022/08/07 UCS: Unicode data U+2200..U+22FF
) (C:\Users\oskar\AppData\Local\Programs\MiKTeX\tex/latex/ucs/data\uni-33.def
File: uni-33.def 2022/08/07 UCS: Unicode data U+2100..U+21FF
) [1{C:/Users/oskar/AppData/Local/MiKTeX/fonts/map/pdftex/pdftex.map}]
<Maksima.png, id=162, 430.60875pt x 428.19975pt>
File: Maksima.png Graphic file (type png)
<use Maksima.png>
Package pdftex.def Info: Maksima.png  used on input line 113.
(pdftex.def)             Requested size: 229.49844pt x 228.21887pt.


LaTeX Warning: `!h' float specifier changed to `!ht'.

<diffraction-grating.png, id=167, 904.37875pt x 596.2275pt>
File: diffraction-grating.png Graphic file (type png)
<use diffraction-grating.png>
Package pdftex.def Info: diffraction-grating.png  used on input line 123.
(pdftex.def)             Requested size: 229.49844pt x 151.29454pt.

LaTeX Warning: `!h' float specifier changed to `!ht'.

[2
pdfTeX warning (ext4): destination with the same identifier (name{figure.1}) has been already used, duplicate ignored
<argument> ...shipout:D \box_use:N \l_shipout_box 
                                                  \__shipout_drop_firstpage_...
l.137 
      
pdfTeX warning (ext4): destination with the same identifier (name{figure.2}) has been already used, duplicate ignored
<argument> ...shipout:D \box_use:N \l_shipout_box 
                                                  \__shipout_drop_firstpage_...
l.137 
       <./Maksima.png> <./diffraction-grating.png>]
<emisjon.png, id=193, 1038.12843pt x 576.65437pt>
File: emisjon.png Graphic file (type png)
<use emisjon.png>
Package pdftex.def Info: emisjon.png  used on input line 164.
(pdftex.def)             Requested size: 229.49844pt x 127.48027pt.
 [3
pdfTeX warning (ext4): destination with the same identifier (name{figure.3}) has been already used, duplicate ignored
<argument> ...shipout:D \box_use:N \l_shipout_box 
                                                  \__shipout_drop_firstpage_...
l.202 
       <./emisjon.png>]
<magnetstyrke.png, id=221, 669.2503pt x 610.53094pt>
File: magnetstyrke.png Graphic file (type png)
<use magnetstyrke.png>
Package pdftex.def Info: magnetstyrke.png  used on input line 237.
(pdftex.def)             Requested size: 229.49844pt x 209.36642pt.


LaTeX Warning: `!h' float specifier changed to `!ht'.

<Usikkerheter.png, id=224, 540.21825pt x 389.0535pt>
File: Usikkerheter.png Graphic file (type png)
<use Usikkerheter.png>
Package pdftex.def Info: Usikkerheter.png  used on input line 245.
(pdftex.def)             Requested size: 229.49844pt x 165.2832pt.

LaTeX Warning: `!h' float specifier changed to `!ht'.

<Oppsett_A.png, id=227, 858.20625pt x 260.172pt>
File: Oppsett_A.png Graphic file (type png)
<use Oppsett_A.png>
Package pdftex.def Info: Oppsett_A.png  used on input line 259.
(pdftex.def)             Requested size: 229.49844pt x 69.57248pt.

LaTeX Warning: `!h' float specifier changed to `!ht'.

[4
pdfTeX warning (ext4): destination with the same identifier (name{figure.4}) has been already used, duplicate ignored
<argument> ...shipout:D \box_use:N \l_shipout_box 
                                                  \__shipout_drop_firstpage_...
l.268 
      
pdfTeX warning (ext4): destination with the same identifier (name{figure.5}) has been already used, duplicate ignored
<argument> ...shipout:D \box_use:N \l_shipout_box 
                                                  \__shipout_drop_firstpage_...
l.268 
      
pdfTeX warning (ext4): destination with the same identifier (name{figure.6}) has been already used, duplicate ignored
<argument> ...shipout:D \box_use:N \l_shipout_box 
                                                  \__shipout_drop_firstpage_...
l.268 
       <./magnetstyrke.png> <./Usikkerheter.png> <./Oppsett_A.png>]
<Oppsett_Ba.png, id=247, 602.25pt x 338.4645pt>
File: Oppsett_Ba.png Graphic file (type png)
<use Oppsett_Ba.png>
Package pdftex.def Info: Oppsett_Ba.png  used on input line 281.
(pdftex.def)             Requested size: 203.99689pt x 114.64774pt.
<Oppsett_Bb.png, id=250, 582.37575pt x 407.72325pt>
File: Oppsett_Bb.png Graphic file (type png)
<use Oppsett_Bb.png>
Package pdftex.def Info: Oppsett_Bb.png  used on input line 288.
(pdftex.def)             Requested size: 203.99689pt x 142.81725pt.


LaTeX Warning: `!h' float specifier changed to `!ht'.

<Oppsett_Ca.png, id=254, 512.51476pt x 245.11575pt>
File: Oppsett_Ca.png Graphic file (type png)
<use Oppsett_Ca.png>
Package pdftex.def Info: Oppsett_Ca.png  used on input line 300.
(pdftex.def)             Requested size: 229.49844pt x 109.76248pt.
<Oppsett_Cb.png, id=256, 659.46375pt x 199.947pt>
File: Oppsett_Cb.png Graphic file (type png)
<use Oppsett_Cb.png>
Package pdftex.def Info: Oppsett_Cb.png  used on input line 307.
(pdftex.def)             Requested size: 229.49844pt x 69.58281pt.
[5
pdfTeX warning (ext4): destination with the same identifier (name{figure.7}) has been already used, duplicate ignored
<argument> ...shipout:D \box_use:N \l_shipout_box 
                                                  \__shipout_drop_firstpage_...
l.318 
      
pdfTeX warning (ext4): destination with the same identifier (name{figure.8}) has been already used, duplicate ignored
<argument> ...shipout:D \box_use:N \l_shipout_box 
                                                  \__shipout_drop_firstpage_...
l.318 
      
pdfTeX warning (ext4): destination with the same identifier (name{figure.9}) has been already used, duplicate ignored
<argument> ...shipout:D \box_use:N \l_shipout_box 
                                                  \__shipout_drop_firstpage_...
l.318 
      
pdfTeX warning (ext4): destination with the same identifier (name{figure.10}) has been already used, duplicate ignored
<argument> ...shipout:D \box_use:N \l_shipout_box 
                                                  \__shipout_drop_firstpage_...
l.318 
       <./Oppsett_Ba.png> <./Oppsett_Bb.png> <./Oppsett_Ca.png> <./Oppsett_Cb.png>]
<plot_a0.04_A0.25.pdf, id=277, 462.52798pt x 346.89601pt>
File: plot_a0.04_A0.25.pdf Graphic file (type pdf)
<use plot_a0.04_A0.25.pdf>
Package pdftex.def Info: plot_a0.04_A0.25.pdf  used on input line 373.
(pdftex.def)             Requested size: 229.49844pt x 172.12427pt.


LaTeX Warning: `!h' float specifier changed to `!ht'.

<plot_a0.04_A0.5.pdf, id=278, 462.52798pt x 346.89601pt>
File: plot_a0.04_A0.5.pdf Graphic file (type pdf)
<use plot_a0.04_A0.5.pdf>
Package pdftex.def Info: plot_a0.04_A0.5.pdf  used on input line 380.
(pdftex.def)             Requested size: 229.49844pt x 172.12427pt.

LaTeX Warning: `!h' float specifier changed to `!ht'.

<plot_a0.08_A0.25.pdf, id=279, 462.52798pt x 346.89601pt>
File: plot_a0.08_A0.25.pdf Graphic file (type pdf)
<use plot_a0.08_A0.25.pdf>
Package pdftex.def Info: plot_a0.08_A0.25.pdf  used on input line 387.
(pdftex.def)             Requested size: 229.49844pt x 172.12427pt.

LaTeX Warning: `!h' float specifier changed to `!ht'.

<plot_a0.08_A0.5.pdf, id=280, 462.52798pt x 346.89601pt>
File: plot_a0.08_A0.5.pdf Graphic file (type pdf)
<use plot_a0.08_A0.5.pdf>
Package pdftex.def Info: plot_a0.08_A0.5.pdf  used on input line 394.
(pdftex.def)             Requested size: 229.49844pt x 172.12427pt.

LaTeX Warning: `!h' float specifier changed to `!ht'.

<Eksperiment_A2.png, id=281, 2055.68pt x 1541.76pt>
File: Eksperiment_A2.png Graphic file (type png)
<use Eksperiment_A2.png>
Package pdftex.def Info: Eksperiment_A2.png  used on input line 401.
(pdftex.def)             Requested size: 229.49844pt x 172.11133pt.

LaTeX Warning: `!h' float specifier changed to `!ht'.


LaTeX Warning: `h' float specifier changed to `ht'.

[6
pdfTeX warning (ext4): destination with the same identifier (name{table.1}) has been already used, duplicate ignored
<argument> ...shipout:D \box_use:N \l_shipout_box 
                                                  \__shipout_drop_firstpage_...
l.439   \begin{center}
                      
pdfTeX warning (ext4): destination with the same identifier (name{figure.11}) has been already used, duplicate ignored
<argument> ...shipout:D \box_use:N \l_shipout_box 
                                                  \__shipout_drop_firstpage_...
l.439   \begin{center}
                      
pdfTeX warning (ext4): destination with the same identifier (name{figure.12}) has been already used, duplicate ignored
<argument> ...shipout:D \box_use:N \l_shipout_box 
                                                  \__shipout_drop_firstpage_...
l.439   \begin{center}
                      
pdfTeX warning (ext4): destination with the same identifier (name{figure.13}) has been already used, duplicate ignored
<argument> ...shipout:D \box_use:N \l_shipout_box 
                                                  \__shipout_drop_firstpage_...
l.439   \begin{center}
                       <./plot_a0.04_A0.25.pdf> <./plot_a0.04_A0.5.pdf> <./plot_a0.08_A0.25.pdf>]

LaTeX Warning: A float is stuck (cannot be placed) on input line 439.


LaTeX Warning: A float is stuck (cannot be placed) on input line 439.


Class revtex4-2 Warning: Deferred float stuck during \clearpage processing.


LaTeX Warning: `h' float specifier changed to `ht'.


LaTeX Warning: `h' float specifier changed to `ht'.

<3amp.jpg, id=400, 1284.8pt x 1027.84pt>
File: 3amp.jpg Graphic file (type jpg)
<use 3amp.jpg>
Package pdftex.def Info: 3amp.jpg  used on input line 526.
(pdftex.def)             Requested size: 229.49844pt x 183.59169pt.
<4amp.jpg, id=401, 1284.8pt x 1027.84pt>
File: 4amp.jpg Graphic file (type jpg)
<use 4amp.jpg>
Package pdftex.def Info: 4amp.jpg  used on input line 533.
(pdftex.def)             Requested size: 229.49844pt x 183.59169pt.

LaTeX Warning: `!h' float specifier changed to `!ht'.

[7
pdfTeX warning (ext4): destination with the same identifier (name{figure.14}) has been already used, duplicate ignored
<argument> ...shipout:D \box_use:N \l_shipout_box 
                                                  \__shipout_drop_firstpage_...
l.540 
      
pdfTeX warning (ext4): destination with the same identifier (name{figure.15}) has been already used, duplicate ignored
<argument> ...shipout:D \box_use:N \l_shipout_box 
                                                  \__shipout_drop_firstpage_...
l.540 
      
pdfTeX warning (ext4): destination with the same identifier (name{table.2}) has been already used, duplicate ignored
<argument> ...shipout:D \box_use:N \l_shipout_box 
                                                  \__shipout_drop_firstpage_...
l.540 
      
pdfTeX warning (ext4): destination with the same identifier (name{table.3}) has been already used, duplicate ignored
<argument> ...shipout:D \box_use:N \l_shipout_box 
                                                  \__shipout_drop_firstpage_...
l.540 
      
pdfTeX warning (ext4): destination with the same identifier (name{table.5}) has been already used, duplicate ignored
<argument> ...shipout:D \box_use:N \l_shipout_box 
                                                  \__shipout_drop_firstpage_...
l.540 
      
pdfTeX warning (ext4): destination with the same identifier (name{figure.16}) has been already used, duplicate ignored
<argument> ...shipout:D \box_use:N \l_shipout_box 
                                                  \__shipout_drop_firstpage_...
l.540 
       <./plot_a0.08_A0.5.pdf> <./Eksperiment_A2.png> <./3amp.jpg>]

LaTeX Warning: A float is stuck (cannot be placed) on input line 540.


LaTeX Warning: A float is stuck (cannot be placed) on input line 540.


Class revtex4-2 Warning: Deferred float stuck during \clearpage processing.

[8
pdfTeX warning (ext4): destination with the same identifier (name{table.4}) has been already used, duplicate ignored
<argument> ...shipout:D \box_use:N \l_shipout_box 
                                                  \__shipout_drop_firstpage_...
l.603 
      
pdfTeX warning (ext4): destination with the same identifier (name{figure.17}) has been already used, duplicate ignored
<argument> ...shipout:D \box_use:N \l_shipout_box 
                                                  \__shipout_drop_firstpage_...
l.603 
      
pdfTeX warning (ext4): destination with the same identifier (name{table.6}) has been already used, duplicate ignored
<argument> ...shipout:D \box_use:N \l_shipout_box 
                                                  \__shipout_drop_firstpage_...
l.603 
       <./4amp.jpg>] (c:\Users\oskar\OneDrive - Universitetet i Oslo\Dokumenter\GitHub\Privat\FYS2150-Eksperimental-Fysikk\Modul 3\Lab 4 - Bølgeoptikk\out\FYS2150 Eksamen.bbl) [9
pdfTeX warning (ext4): destination with the same identifier (name{table.7}) has been already used, duplicate ignored
<argument> ...shipout:D \box_use:N \l_shipout_box 
                                                  \__shipout_drop_firstpage_...
l.678 \end{document}
                    ] (c:\Users\oskar\OneDrive - Universitetet i Oslo\Dokumenter\GitHub\Privat\FYS2150-Eksperimental-Fysikk\Modul 3\Lab 4 - Bølgeoptikk\out\FYS2150 Eksamen.aux)
Package rerunfilecheck Info: File `"FYS2150 Eksamen".out' has not changed.
(rerunfilecheck)             Checksum: F9335E4146E59C8896BCDB14B08E08A1;5052.
 ) 
Here is how much of TeX's memory you used:
 19713 strings out of 477843
 312188 string characters out of 2823599
 837919 words of memory out of 3000000
 38265 multiletter control sequences out of 15000+600000
 475999 words of font info for 58 fonts, out of 8000000 for 9000
 1141 hyphenation exceptions out of 8191
 72i,14n,77p,1446b,615s stack positions out of 10000i,1000n,20000p,200000b,80000s
<C:/Users/oskar/AppData/Local/Programs/MiKTeX/fonts/type1/public/amsfonts/cm/cmbx12.pfb><C:/Users/oskar/AppData/Local/Programs/MiKTeX/fonts/type1/public/amsfonts/cm/cmbx9.pfb><C:/Users/oskar/AppData/Local/Programs/MiKTeX/fonts/type1/public/amsfonts/cm/cmex10.pfb><C:/Users/oskar/AppData/Local/Programs/MiKTeX/fonts/type1/public/amsfonts/cm/cmmi10.pfb><C:/Users/oskar/AppData/Local/Programs/MiKTeX/fonts/type1/public/amsfonts/cm/cmmi5.pfb><C:/Users/oskar/AppData/Local/Programs/MiKTeX/fonts/type1/public/amsfonts/cm/cmmi6.pfb><C:/Users/oskar/AppData/Local/Programs/MiKTeX/fonts/type1/public/amsfonts/cm/cmmi7.pfb><C:/Users/oskar/AppData/Local/Programs/MiKTeX/fonts/type1/public/amsfonts/cm/cmmi9.pfb><C:/Users/oskar/AppData/Local/Programs/MiKTeX/fonts/type1/public/amsfonts/cm/cmr10.pfb><C:/Users/oskar/AppData/Local/Programs/MiKTeX/fonts/type1/public/amsfonts/cm/cmr6.pfb><C:/Users/oskar/AppData/Local/Programs/MiKTeX/fonts/type1/public/amsfonts/cm/cmr7.pfb><C:/Users/oskar/AppData/Local/Programs/MiKTeX/fonts/type1/public/amsfonts/cm/cmr9.pfb><C:/Users/oskar/AppData/Local/Programs/MiKTeX/fonts/type1/public/amsfonts/cm/cmsy10.pfb><C:/Users/oskar/AppData/Local/Programs/MiKTeX/fonts/type1/public/amsfonts/cm/cmsy6.pfb><C:/Users/oskar/AppData/Local/Programs/MiKTeX/fonts/type1/public/amsfonts/cm/cmsy7.pfb><C:/Users/oskar/AppData/Local/Programs/MiKTeX/fonts/type1/public/amsfonts/cm/cmsy9.pfb><C:/Users/oskar/AppData/Local/Programs/MiKTeX/fonts/type1/public/amsfonts/cm/cmti10.pfb><C:/Users/oskar/AppData/Local/Programs/MiKTeX/fonts/type1/public/amsfonts/cm/cmti9.pfb><C:/Users/oskar/AppData/Local/Programs/MiKTeX/fonts/type1/public/amsfonts/symbols/msbm10.pfb>
Output written on "c:\Users\oskar\OneDrive - Universitetet i Oslo\Dokumenter\GitHub\Privat\FYS2150-Eksperimental-Fysikk\Modul 3\Lab 4 - Bølgeoptikk\out\FYS2150 Eksamen.pdf" (9 pages, 4254323 bytes).
PDF statistics:
 584 PDF objects out of 1000 (max. 8388607)
 100 named destinations out of 1000 (max. 500000)
 350 words of extra memory for PDF output out of 10000 (max. 10000000)

