\BOOKMARK [0][-]{section*.2}{\376\377\000L\000a\000b\000\040\000R\000a\000p\000p\000o\000r\000t\000\040\000-\000\040\000S\000o\000l\000c\000e\000l\000l\000e\000n}{}% 2
\BOOKMARK [1][-]{section*.1}{\376\377\000S\000a\000m\000m\000e\000n\000d\000r\000a\000g}{section*.2}% 1
\BOOKMARK [1][-]{section*.3}{\376\377\000I\000n\000t\000r\000o\000d\000u\000k\000s\000j\000o\000n}{section*.2}% 3
\BOOKMARK [1][-]{section*.9}{\376\377\000T\000e\000o\000r\000i}{section*.2}% 4
\BOOKMARK [2][-]{section*.10}{\376\377\000K\000r\000e\000t\000s\000e\000r}{section*.9}% 5
\BOOKMARK [1][-]{section*.11}{\376\377\000E\000k\000s\000p\000e\000r\000i\000m\000e\000n\000t\000e\000l\000t}{section*.2}% 6
\BOOKMARK [2][-]{section*.12}{\376\377\000S\000o\000l\000c\000e\000l\000l\000e\000n\000\040\000s\000o\000m\000\040\000h\000a\000l\000v\000l\000e\000d\000e\000r\000d\000i\000o\000d\000e}{section*.11}% 7
\BOOKMARK [2][-]{section*.15}{\376\377\000K\000o\000m\000b\000i\000n\000a\000s\000j\000o\000n\000\040\000a\000v\000\040\000e\000n\000k\000e\000l\000t\000s\000o\000l\000c\000e\000l\000l\000e\000r\000\040\000t\000i\000l\000\040\000e\000t\000\040\000s\000o\000l\000c\000e\000l\000l\000e\000p\000a\000n\000e\000l}{section*.11}% 8
\BOOKMARK [2][-]{section*.18}{\376\377\000I\000k\000k\000e\000-\000u\000n\000i\000f\000o\000r\000m\000\040\000b\000e\000l\000y\000s\000n\000i\000n\000g}{section*.11}% 9
\BOOKMARK [1][-]{section*.19}{\376\377\000R\000e\000s\000u\000l\000t\000a\000t\000e\000r}{section*.2}% 10
\BOOKMARK [2][-]{section*.20}{\376\377\000S\000o\000l\000c\000e\000l\000l\000e\000n\000\040\000s\000o\000m\000\040\000h\000a\000l\000v\000l\000e\000d\000e\000r\000d\000i\000o\000d\000e}{section*.19}% 11
\BOOKMARK [2][-]{section*.22}{\376\377\000S\000o\000l\000c\000e\000l\000l\000e\000n\000s\000\040\000o\000p\000t\000i\000m\000a\000l\000e\000\040\000b\000e\000l\000a\000s\000t\000n\000i\000n\000g}{section*.19}% 12
\BOOKMARK [2][-]{section*.24}{\376\377\000K\000o\000m\000b\000i\000n\000a\000s\000j\000o\000n\000\040\000a\000v\000\040\000e\000n\000k\000e\000l\000t\000s\000o\000l\000c\000e\000l\000l\000e\000r\000\040\000t\000i\000l\000\040\000e\000t\000\040\000s\000o\000l\000c\000e\000l\000l\000e\000p\000a\000n\000e\000l}{section*.19}% 13
\BOOKMARK [2][-]{section*.26}{\376\377\000I\000k\000k\000e\000-\000u\000n\000i\000f\000o\000r\000m\000\040\000b\000e\000l\000y\000s\000n\000i\000n\000g}{section*.19}% 14
\BOOKMARK [1][-]{section*.29}{\376\377\000D\000i\000s\000k\000u\000s\000j\000o\000n}{section*.2}% 15
\BOOKMARK [2][-]{section*.30}{\376\377\000S\000o\000l\000c\000e\000l\000l\000e\000n\000\040\000s\000o\000m\000\040\000h\000a\000l\000v\000l\000e\000d\000e\000r\000d\000i\000o\000d\000e}{section*.29}% 16
\BOOKMARK [2][-]{section*.31}{\376\377\000S\000o\000l\000c\000e\000l\000l\000e\000n\000s\000\040\000o\000p\000t\000i\000m\000a\000l\000e\000\040\000b\000e\000l\000a\000s\000t\000n\000i\000n\000g}{section*.29}% 17
\BOOKMARK [2][-]{section*.32}{\376\377\000K\000o\000m\000b\000i\000n\000a\000s\000j\000o\000n\000\040\000a\000v\000\040\000e\000n\000k\000e\000l\000t\000s\000o\000l\000c\000e\000l\000l\000e\000r\000\040\000t\000i\000l\000\040\000e\000t\000\040\000s\000o\000l\000c\000e\000l\000l\000e\000p\000a\000n\000e\000l}{section*.29}% 18
\BOOKMARK [2][-]{section*.33}{\376\377\000I\000k\000k\000e\000-\000u\000n\000i\000f\000o\000r\000m\000\040\000b\000e\000l\000y\000s\000n\000i\000n\000g}{section*.29}% 19
\BOOKMARK [1][-]{section*.34}{\376\377\000K\000o\000n\000k\000l\000u\000s\000j\000o\000n}{section*.2}% 20
